<?xml version="1.0" encoding="UTF-8"?>
<!-- Generated by org.testng.reporters.JUnitReportReporter -->
<testsuite hostname="MacBook-Pro-pro.local" failures="0" tests="1" name="tests.Test1_Auth" time="12.987" errors="0" timestamp="2021-09-15T16:18:46 EEST" skipped="0">
  <testcase classname="tests.Test1_Auth" name="successfulSignInFlow" time="12.987"/>
  <system-out/>
</testsuite> <!-- tests.Test1_Auth -->
